C51 COMPILER V9.56.0.0   IO_1                                                              08/30/2017 13:28:01 PAGE 1   


C51 COMPILER V9.56.0.0, COMPILATION OF MODULE IO_1
OBJECT MODULE PLACED IN .\Objects\IO_1.obj
COMPILER INVOKED BY: C:\Keil_v5\C51\BIN\C51.EXE IO_1.c OPTIMIZE(8,SPEED) BROWSE DEBUG OBJECTEXTEND PRINT(.\Listings\IO_1
                    -.lst) TABS(2) OBJECT(.\Objects\IO_1.obj)

line level    source

   1          // Takes an input and displays on the LEDs
   2          // Author: Sarthak Nijhawan
   3          
   4          #include <AT89C5131.h>
   5          
   6          unsigned char mybyte;
   7          
   8          void main(void){
   9   1        P1 = 0x0F;                // Setting the lower nibble of P1 as an input port
  10   1        
  11   1        while(1){
  12   2        
  13   2          mybyte = P1;
  14   2          mybyte = mybyte & 0x0F;         // Extracting the lower nibble
  15   2          mybyte << 4;              // Shifting lower nibbles to upper nibbles
*** WARNING C275 IN LINE 15 OF IO_1.c: expression with possibly no effect
  16   2          P1 = P1 | mybyte;   
  17   2          P1 = P1 | 0x0F;
  18   2        }
  19   1      }


MODULE INFORMATION:   STATIC OVERLAYABLE
   CODE SIZE        =     18    ----
   CONSTANT SIZE    =   ----    ----
   XDATA SIZE       =   ----    ----
   PDATA SIZE       =   ----    ----
   DATA SIZE        =      1    ----
   IDATA SIZE       =   ----    ----
   BIT SIZE         =   ----    ----
END OF MODULE INFORMATION.


C51 COMPILATION COMPLETE.  1 WARNING(S),  0 ERROR(S)
