C51 COMPILER V9.56.0.0   LCD                                                               09/04/2017 06:26:17 PAGE 1   


C51 COMPILER V9.56.0.0, COMPILATION OF MODULE LCD
OBJECT MODULE PLACED IN .\Objects\lcd.obj
COMPILER INVOKED BY: C:\Keil_v5\C51\BIN\C51.EXE lcd.c OPTIMIZE(8,SPEED) BROWSE DEBUG OBJECTEXTEND PRINT(.\Listings\lcd.l
                    -st) TABS(2) OBJECT(.\Objects\lcd.obj)

line level    source

   1          /**
   2           LCD HOMEWORK , LABWORK XX
   3           */
   4          
   5          /* @section  I N C L U D E S */
   6          #include "at89c5131.h"
   7          #define LCD_data  P2                // LCD Data port
   8          
   9          //Function Declarations
  10          void LCD_Init();
  11          void LCD_DataWrite(char dat);
  12          void LCD_CmdWrite(char cmd);
  13          void LCD_WriteString(char * str, unsigned char len);
  14          void LCD_Ready();
  15          void sdelay(int delay);
  16          void delay_ms(int delay);
  17          
  18          sbit CS_BAR = P1^4;                 // Chip Select for the ADC
  19          sbit LCD_rs = P0^0;                 // LCD Register Select
  20          sbit LCD_rw = P0^1;                 // LCD Read/Write
  21          sbit LCD_en = P0^2;                 // LCD Enable
  22          sbit LCD_busy = P2^7;               // LCD Busy Flag
  23          
  24          //Global Variables
  25          bit transmit_completed= 0;          // To check if spi data transmit is complete
  26          char serial_data, data_save_high, data_save_low;  
  27          
  28          void main(void)
  29          {
  30   1        P2 = 0x00;                      // Make Port 2 output 
  31   1        LCD_Init();
  32   1        while(1){                       // endless  
  33   2          /* Code for displaying "Hello World"
  34   2             on the LCD to be written here */
  35   2          
  36   2          LCD_CmdWrite(0x80);
  37   2          sdelay(100);
  38   2          LCD_WriteString("Hello", 5);
  39   2      
  40   2          LCD_CmdWrite(0xCB);
  41   2          sdelay(100);
  42   2          LCD_WriteString("World", 5);
  43   2            
  44   2          delay_ms(5000);
  45   2        }
  46   1      }
  47          
  48          /**
  49           * FUNCTION_PURPOSE:LCD Initialization
  50           * FUNCTION_INPUTS: void
  51           * FUNCTION_OUTPUTS: none
  52           */
  53          void LCD_Init()
  54          {
C51 COMPILER V9.56.0.0   LCD                                                               09/04/2017 06:26:17 PAGE 2   

  55   1        sdelay(100);
  56   1        LCD_CmdWrite(0x38);       // LCD 2lines, 5*7 matrix
  57   1        // LCD_CmdWrite(0x0E);      // Display ON cursor ON  Blinking off
  58   1        LCD_CmdWrite(0x0C);
  59   1        LCD_CmdWrite(0x01);     // Clear the LCD
  60   1        LCD_CmdWrite(0x80);     // Cursor to First line First Position
  61   1      }
  62          
  63          /**
  64           * FUNCTION_PURPOSE: Write Command to LCD
  65           * FUNCTION_INPUTS: cmd- command to be written
  66           * FUNCTION_OUTPUTS: none
  67           */
  68          void LCD_CmdWrite(char cmd)
  69          {
  70   1        LCD_Ready();
  71   1        LCD_data=cmd;           // Send the command to LCD
  72   1        LCD_rs=0;               // Select the Command Register by pulling LCD_rs LOW
  73   1        LCD_rw=0;               // Select the Write Operation  by pulling RW LOW
  74   1        LCD_en=1;               // Send a High-to-Low Pusle at Enable Pin
  75   1        sdelay(5);
  76   1        LCD_en=0;
  77   1        sdelay(5);
  78   1      }
  79          
  80          /**
  81           * FUNCTION_PURPOSE: Write Command to LCD
  82           * FUNCTION_INPUTS: dat- data to be written
  83           * FUNCTION_OUTPUTS: none
  84           */
  85          void LCD_DataWrite( char dat)
  86          {
  87   1        LCD_Ready();
  88   1        LCD_data=dat;           // Send the data to LCD
  89   1        LCD_rs=1;             // Select the Data Register by pulling LCD_rs HIGH
  90   1        LCD_rw=0;               // Select the Write Operation by pulling RW LOW
  91   1        LCD_en=1;             // Send a High-to-Low Pusle at Enable Pin
  92   1        sdelay(5);
  93   1        LCD_en=0;
  94   1        sdelay(5);
  95   1      }
  96          
  97          /**
  98           * FUNCTION_PURPOSE: Write a string on the LCD Screen
  99           * FUNCTION_INPUTS: 1. str - pointer to the string to be written, 
 100                    2. length - length of the array
 101           * FUNCTION_OUTPUTS: none
 102           */
 103          void LCD_WriteString( char * str, unsigned char length)
 104          {
 105   1          while(length>0)
 106   1          {
 107   2              LCD_DataWrite(*str);
 108   2              str++;
 109   2              length--;
 110   2          }
 111   1      }
 112          
 113          /**
 114           * FUNCTION_PURPOSE: To check if the LCD is ready to communicate
 115           * FUNCTION_INPUTS: void
 116           * FUNCTION_OUTPUTS: none
C51 COMPILER V9.56.0.0   LCD                                                               09/04/2017 06:26:17 PAGE 3   

 117           */
 118          void LCD_Ready()
 119          {
 120   1        LCD_data = 0xFF;
 121   1        LCD_rs = 0;
 122   1        LCD_rw = 1;
 123   1        LCD_en = 0;
 124   1        sdelay(5);
 125   1        LCD_en = 1;
 126   1        while(LCD_busy == 1)
 127   1        {
 128   2          LCD_en = 0;
 129   2          LCD_en = 1;
 130   2        }
 131   1        LCD_en = 0;
 132   1      }
 133          
 134          /**
 135           * FUNCTION_PURPOSE: A delay of 15us for a 24 MHz crystal
 136           * FUNCTION_INPUTS: void
 137           * FUNCTION_OUTPUTS: none
 138           */
 139          void sdelay(int delay)
 140          {
 141   1        char d=0;
 142   1        while(delay>0)
 143   1        {
 144   2          for(d=0;d<5;d++);
 145   2          delay--;
 146   2        }
 147   1      }
 148          
 149          /**
 150           * FUNCTION_PURPOSE: A delay of around 1000us for a 24MHz crystel
 151           * FUNCTION_INPUTS: void
 152           * FUNCTION_OUTPUTS: none
 153           */
 154          void delay_ms(int delay)
 155          {
 156   1        int d=0;
 157   1        while(delay>0)
 158   1        {
 159   2          for(d=0;d<382;d++);
 160   2          delay--;
 161   2        }
 162   1      }


MODULE INFORMATION:   STATIC OVERLAYABLE
   CODE SIZE        =    268    ----
   CONSTANT SIZE    =     12    ----
   XDATA SIZE       =   ----    ----
   PDATA SIZE       =   ----    ----
   DATA SIZE        =      3       6
   IDATA SIZE       =   ----    ----
   BIT SIZE         =      1    ----
END OF MODULE INFORMATION.


C51 COMPILATION COMPLETE.  0 WARNING(S),  0 ERROR(S)
