A51 MACRO ASSEMBLER  CODE                                                                 07/30/2017 12:41:09 PAGE     1


MACRO ASSEMBLER A51 V8.2.5.0
OBJECT MODULE PLACED IN .\Objects\code.obj
ASSEMBLER INVOKED BY: C:\Keil_v5\C51\BIN\A51.EXE code.asm SET(SMALL) DEBUG PRINT(.\Listings\code.lst) OBJECT(.\Objects\c
                      ode.obj) EP

LOC  OBJ            LINE     SOURCE

                       1     ; Adds two numbers at 50h & 60h and stores the result at 70h

0000                   2     org 0h

0000 020100            3     ljmp main

0100                   4     org 100h

                       5     

0100                   6     main:

0100 E550              7             mov A,50h

0102 2560              8             add A,60h

0104 F570              9             mov 70h,A

0106 80FE             10             here: sjmp here

                      11     END

A51 MACRO ASSEMBLER  CODE                                                                 07/30/2017 12:41:09 PAGE     2

SYMBOL TABLE LISTING
------ ----- -------


N A M E             T Y P E  V A L U E   ATTRIBUTES

HERE . . . . . . .  C ADDR   0106H   A   
MAIN . . . . . . .  C ADDR   0100H   A   


REGISTER BANK(S) USED: 0 


ASSEMBLY COMPLETE.  0 WARNING(S), 0 ERROR(S)
